2024-07-15 21:33:50,169 - main - INFO - Starting API
2024-07-15 21:33:56,126 - main - INFO - Successfully retrieved weather data for city: Piracicaba
2024-07-15 21:44:49,592 - main - INFO - Successfully retrieved weather data for city: Campinas
2024-07-15 21:44:57,909 - main - INFO - Successfully retrieved weather data for city: Jundiai
2024-07-16 01:59:28,292 - main - INFO - Finish API
2024-07-16 18:40:01,339 - __main__ - INFO - Starting API
2024-07-16 18:40:19,418 - __main__ - INFO - Successfully retrieved weather data for city: Jundiai
2024-07-16 18:40:19,418 - Controller.api - INFO - Fetching weather data for city: Jundiai
2024-07-16 18:40:20,781 - Controller.api - INFO - Successfully retrieved weather data for city: Jundiai
2024-07-16 18:40:20,781 - __main__ - INFO - Successfully retrieved weather data for city: Jundiai
2024-07-16 18:40:20,781 - __main__ - ERROR - Error retrieving weather data for city: Jundiai. Error: Object of type Response is not JSON serializable
2024-07-16 18:40:23,072 - __main__ - INFO - Successfully retrieved weather data for city: Jundiai
2024-07-16 18:40:23,072 - Controller.api - INFO - Fetching weather data for city: Jundiai
2024-07-16 18:40:24,364 - Controller.api - INFO - Successfully retrieved weather data for city: Jundiai
2024-07-16 18:40:24,364 - __main__ - INFO - Successfully retrieved weather data for city: Jundiai
2024-07-16 18:40:24,364 - __main__ - ERROR - Error retrieving weather data for city: Jundiai. Error: Object of type Response is not JSON serializable
2024-07-16 18:40:25,453 - __main__ - INFO - Successfully retrieved weather data for city: Jundiai
2024-07-16 18:40:25,453 - Controller.api - INFO - Fetching weather data for city: Jundiai
2024-07-16 18:40:26,823 - Controller.api - INFO - Successfully retrieved weather data for city: Jundiai
2024-07-16 18:40:26,823 - __main__ - INFO - Successfully retrieved weather data for city: Jundiai
2024-07-16 18:40:26,823 - __main__ - ERROR - Error retrieving weather data for city: Jundiai. Error: Object of type Response is not JSON serializable
2024-07-16 18:40:32,815 - __main__ - INFO - Successfully retrieved weather data for city: Piracicaba
2024-07-16 18:40:32,815 - Controller.api - INFO - Fetching weather data for city: Piracicaba
2024-07-16 18:40:34,196 - Controller.api - INFO - Successfully retrieved weather data for city: Piracicaba
2024-07-16 18:40:34,196 - __main__ - INFO - Successfully retrieved weather data for city: Piracicaba
2024-07-16 18:40:34,196 - __main__ - ERROR - Error retrieving weather data for city: Piracicaba. Error: Object of type Response is not JSON serializable
2024-07-16 18:40:56,360 - __main__ - INFO - Stopping API
2024-07-16 18:40:56,562 - __main__ - INFO - Starting API
2024-07-16 18:41:06,453 - __main__ - INFO - Successfully retrieved weather data for city: Brasil
2024-07-16 18:41:06,453 - Controller.api - INFO - Fetching weather data for city: Brasil
2024-07-16 18:41:07,884 - Controller.api - INFO - Successfully retrieved weather data for city: Brasil
2024-07-16 18:41:07,885 - __main__ - INFO - Successfully retrieved weather data for city: Brasil
2024-07-16 18:41:07,885 - __main__ - ERROR - Error retrieving weather data for city: Brasil. Error: Object of type Response is not JSON serializable
2024-07-16 18:41:30,708 - __main__ - INFO - Successfully retrieved weather data for city: Brasil
2024-07-16 18:41:30,708 - Controller.api - INFO - Fetching weather data for city: Brasil
2024-07-16 18:41:32,186 - Controller.api - INFO - Successfully retrieved weather data for city: Brasil
2024-07-16 18:41:32,186 - __main__ - INFO - Successfully retrieved weather data for city: Brasil
2024-07-16 18:41:32,186 - __main__ - ERROR - Error retrieving weather data for city: Brasil. Error: Object of type Response is not JSON serializable
2024-07-16 18:42:46,053 - __main__ - INFO - Successfully retrieved weather data for city: Brasil
2024-07-16 18:42:46,054 - Controller.api - INFO - Fetching weather data for city: Brasil
2024-07-16 18:42:47,155 - Controller.api - INFO - Successfully retrieved weather data for city: Brasil
2024-07-16 18:42:47,155 - __main__ - INFO - Successfully retrieved weather data for city: Brasil
2024-07-16 18:42:47,156 - __main__ - ERROR - Error retrieving weather data for city: Brasil. Error: Object of type Response is not JSON serializable
2024-07-16 18:42:50,366 - __main__ - INFO - Stopping API
2024-07-16 18:42:50,575 - __main__ - INFO - Starting API
2024-07-16 18:42:52,834 - __main__ - INFO - Successfully retrieved weather data for city: Brasil
2024-07-16 18:42:52,834 - Controller.api - INFO - Fetching weather data for city: Brasil
2024-07-16 18:42:54,157 - Controller.api - INFO - Successfully retrieved weather data for city: Brasil
2024-07-16 18:42:54,157 - __main__ - INFO - Successfully retrieved weather data for city: Brasil
2024-07-16 18:42:54,157 - __main__ - ERROR - Error retrieving weather data for city: Brasil. Error: Object of type Response is not JSON serializable
2024-07-16 18:43:10,615 - __main__ - INFO - Successfully retrieved weather data for city: Brasil
2024-07-16 18:43:10,615 - Controller.api - INFO - Fetching weather data for city: Brasil
2024-07-16 18:43:11,923 - Controller.api - INFO - Successfully retrieved weather data for city: Brasil
2024-07-16 18:43:11,923 - __main__ - INFO - Successfully retrieved weather data for city: Brasil
2024-07-16 18:43:11,924 - __main__ - ERROR - Error retrieving weather data for city: Brasil. Error: Object of type Response is not JSON serializable
2024-07-16 18:43:33,388 - __main__ - INFO - Stopping API
2024-07-16 18:43:33,599 - __main__ - INFO - Starting API
2024-07-16 18:43:36,552 - __main__ - INFO - Successfully retrieved weather data for city: Brasil
2024-07-16 18:43:36,552 - Controller.api - INFO - Fetching weather data for city: Brasil
2024-07-16 18:43:37,717 - Controller.api - INFO - Successfully retrieved weather data for city: Brasil
2024-07-16 18:43:37,717 - __main__ - INFO - Successfully retrieved weather data for city: Brasil
2024-07-16 18:44:26,842 - __main__ - INFO - Stopping API
2024-07-16 18:44:27,049 - __main__ - INFO - Starting API
2024-07-16 18:44:29,467 - __main__ - INFO - Successfully retrieved weather data for city: Brasil
2024-07-16 18:44:29,467 - Controller.api - INFO - Fetching weather data for city: Brasil
2024-07-16 18:44:30,708 - Controller.api - INFO - Successfully retrieved weather data for city: Brasil
2024-07-16 18:44:30,708 - __main__ - INFO - Successfully retrieved weather data for city: Brasil
2024-07-16 18:44:36,537 - __main__ - INFO - Successfully retrieved weather data for city: Piracicaba
2024-07-16 18:44:36,537 - Controller.api - INFO - Fetching weather data for city: Piracicaba
2024-07-16 18:44:37,706 - Controller.api - INFO - Successfully retrieved weather data for city: Piracicaba
2024-07-16 18:44:37,706 - __main__ - INFO - Successfully retrieved weather data for city: Piracicaba
2024-07-16 18:44:45,464 - __main__ - INFO - Successfully retrieved weather data for city: basd
2024-07-16 18:44:45,464 - Controller.api - INFO - Fetching weather data for city: basd
2024-07-16 18:44:46,622 - __main__ - INFO - Successfully retrieved weather data for city: basd
2024-07-16 18:44:46,622 - Controller.api - INFO - Fetching weather data for city: basd
2024-07-16 18:44:46,780 - Controller.api - INFO - Successfully retrieved weather data for city: basd
2024-07-16 18:44:46,780 - __main__ - INFO - Successfully retrieved weather data for city: basd
2024-07-16 18:44:47,982 - Controller.api - INFO - Successfully retrieved weather data for city: basd
2024-07-16 18:44:47,983 - __main__ - INFO - Successfully retrieved weather data for city: basd
2024-07-16 18:44:51,749 - __main__ - INFO - Successfully retrieved weather data for city: basdasdfasdfkljsadfk;l
2024-07-16 18:44:51,749 - Controller.api - INFO - Fetching weather data for city: basdasdfasdfkljsadfk;l
2024-07-16 18:44:52,132 - Controller.api - ERROR - Exception occurred while fetching weather data for city: basdasdfasdfkljsadfk;l, Error: list index out of range
2024-07-16 18:44:52,132 - __main__ - INFO - Successfully retrieved weather data for city: basdasdfasdfkljsadfk;l
2024-07-16 18:44:52,132 - __main__ - ERROR - Error retrieving weather data for city: basdasdfasdfkljsadfk;l. Error: Object of type Response is not JSON serializable
2024-07-16 18:44:54,745 - __main__ - INFO - Successfully retrieved weather data for city: basdasdfasdfkljsadfk
2024-07-16 18:44:54,745 - Controller.api - INFO - Fetching weather data for city: basdasdfasdfkljsadfk
2024-07-16 18:44:55,134 - Controller.api - ERROR - Exception occurred while fetching weather data for city: basdasdfasdfkljsadfk, Error: list index out of range
2024-07-16 18:44:55,135 - __main__ - INFO - Successfully retrieved weather data for city: basdasdfasdfkljsadfk
2024-07-16 18:44:55,135 - __main__ - ERROR - Error retrieving weather data for city: basdasdfasdfkljsadfk. Error: Object of type Response is not JSON serializable
2024-07-16 18:46:58,343 - __main__ - INFO - Stopping API
2024-07-16 18:46:58,542 - __main__ - INFO - Starting API
2024-07-16 18:47:00,337 - __main__ - INFO - Successfully retrieved weather data for city: basdasdfasdfkljsadfk
2024-07-16 18:47:00,337 - Controller.api - INFO - Fetching weather data for city: basdasdfasdfkljsadfk
2024-07-16 18:47:00,727 - Controller.api - ERROR - Exception occurred while fetching weather data for city: basdasdfasdfkljsadfk, Error: list index out of range
2024-07-16 18:47:00,727 - __main__ - INFO - Successfully retrieved weather data for city: basdasdfasdfkljsadfk
2024-07-16 18:47:24,855 - __main__ - INFO - Successfully retrieved weather data for city: Brasil
2024-07-16 18:47:24,855 - Controller.api - INFO - Fetching weather data for city: Brasil
2024-07-16 18:47:26,013 - Controller.api - INFO - Successfully retrieved weather data for city: Brasil
2024-07-16 18:47:26,013 - __main__ - INFO - Successfully retrieved weather data for city: Brasil
2024-07-16 18:47:29,152 - __main__ - INFO - Successfully retrieved weather data for city: Brasilasdasd
2024-07-16 18:47:29,152 - Controller.api - INFO - Fetching weather data for city: Brasilasdasd
2024-07-16 18:47:29,534 - Controller.api - ERROR - Exception occurred while fetching weather data for city: Brasilasdasd, Error: list index out of range
2024-07-16 18:47:29,534 - __main__ - INFO - Successfully retrieved weather data for city: Brasilasdasd
2024-07-16 18:47:32,461 - __main__ - INFO - Successfully retrieved weather data for city: Brasilasda
2024-07-16 18:47:32,461 - Controller.api - INFO - Fetching weather data for city: Brasilasda
2024-07-16 18:47:32,829 - Controller.api - ERROR - Exception occurred while fetching weather data for city: Brasilasda, Error: list index out of range
2024-07-16 18:47:32,829 - __main__ - INFO - Successfully retrieved weather data for city: Brasilasda
2024-07-16 18:47:35,272 - __main__ - INFO - Successfully retrieved weather data for city: Campinas
2024-07-16 18:47:35,272 - Controller.api - INFO - Fetching weather data for city: Campinas
2024-07-16 18:47:36,617 - Controller.api - INFO - Successfully retrieved weather data for city: Campinas
2024-07-16 18:47:36,617 - __main__ - INFO - Successfully retrieved weather data for city: Campinas
2024-07-16 18:47:48,578 - __main__ - INFO - Successfully retrieved weather data for city: aaaaaaa
2024-07-16 18:47:48,578 - Controller.api - INFO - Fetching weather data for city: aaaaaaa
2024-07-16 18:47:50,042 - Controller.api - ERROR - Exception occurred while fetching weather data for city: aaaaaaa, Error: list index out of range
2024-07-16 18:47:50,042 - __main__ - INFO - Successfully retrieved weather data for city: aaaaaaa
2024-07-16 18:48:22,244 - __main__ - INFO - Stopping API
2024-07-16 23:25:49,080 - __main__ - INFO - Starting API
2024-07-16 23:26:05,193 - __main__ - INFO - Successfully retrieved weather data for city: Piracicaba
2024-07-16 23:26:05,194 - Controller.api - INFO - Fetching weather data for city: Piracicaba
2024-07-16 23:26:07,662 - Controller.api - INFO - Successfully retrieved weather data for city: Piracicaba
2024-07-16 23:26:07,662 - __main__ - INFO - Successfully retrieved weather data for city: Piracicaba
2024-07-16 23:30:58,205 - __main__ - INFO - Stopping API
2024-07-16 23:30:58,475 - __main__ - INFO - Starting API
2024-07-16 23:31:42,360 - __main__ - INFO - Stopping API
2024-07-16 23:31:42,622 - __main__ - INFO - Starting API
2024-07-16 23:32:17,765 - __main__ - INFO - Stopping API
2024-07-16 23:32:18,011 - __main__ - INFO - Starting API
2024-07-16 23:32:18,334 - __main__ - INFO - Stopping API
2024-07-16 23:32:18,582 - __main__ - INFO - Starting API
2024-07-16 23:32:28,847 - __main__ - INFO - Successfully retrieved weather data for city: Campinas
2024-07-16 23:32:28,847 - Controller.api - INFO - Fetching weather data for city: Campinas
2024-07-16 23:32:30,320 - Controller.api - INFO - Successfully retrieved weather data for city: Campinas
2024-07-16 23:32:30,320 - __main__ - INFO - Successfully retrieved weather data for city: Campinas
2024-07-16 23:36:12,134 - __main__ - INFO - Stopping API
2024-07-18 07:16:56,760 - __main__ - INFO - Starting API
2024-07-18 07:27:53,886 - __main__ - INFO - Successfully retrieved weather data for city: Campinas
2024-07-18 07:27:53,886 - Controller.api - INFO - Fetching weather data for city: Campinas
2024-07-18 07:28:12,433 - Controller.api - ERROR - Exception occurred while fetching weather data for city: Campinas, Error: HTTPConnectionPool(host='api.openweathermap.org', port=80): Max retries exceeded with url: /geo/1.0/direct?q=Campinas&limit=1&appid=904539b607db7cdc6ba7072dbd5209fb (Caused by NameResolutionError("<urllib3.connection.HTTPConnection object at 0x74e76ac62990>: Failed to resolve 'api.openweathermap.org' ([Errno -3] Temporary failure in name resolution)"))
2024-07-18 07:28:12,433 - __main__ - INFO - Successfully retrieved weather data for city: Campinas
2024-07-18 07:28:37,178 - __main__ - INFO - Successfully retrieved weather data for city: Campinas
2024-07-18 07:28:37,178 - Controller.api - INFO - Fetching weather data for city: Campinas
2024-07-18 07:28:38,397 - Controller.api - INFO - Successfully retrieved weather data for city: Campinas
2024-07-18 07:28:38,397 - __main__ - INFO - Successfully retrieved weather data for city: Campinas
2024-07-18 07:29:38,601 - __main__ - INFO - Successfully retrieved weather data for city: Campinas
2024-07-18 07:29:38,601 - Controller.api - INFO - Fetching weather data for city: Campinas
2024-07-18 07:29:39,904 - Controller.api - INFO - Successfully retrieved weather data for city: Campinas
2024-07-18 07:29:39,904 - __main__ - INFO - Successfully retrieved weather data for city: Campinas
2024-07-18 08:13:34,838 - __main__ - INFO - Successfully retrieved weather data for city: Campinas
2024-07-18 08:13:34,838 - Controller.api - INFO - Fetching weather data for city: Campinas
2024-07-18 08:13:36,298 - Controller.api - INFO - Successfully retrieved weather data for city: Campinas
2024-07-18 08:13:36,298 - __main__ - INFO - Successfully retrieved weather data for city: Campinas
2024-07-18 08:15:44,595 - __main__ - INFO - Successfully retrieved weather data for city: Campinas
2024-07-18 08:15:44,595 - Controller.api - INFO - Fetching weather data for city: Campinas
2024-07-18 08:15:46,001 - Controller.api - INFO - Successfully retrieved weather data for city: Campinas
2024-07-18 08:15:46,001 - __main__ - INFO - Successfully retrieved weather data for city: Campinas
2024-07-18 08:16:04,766 - __main__ - INFO - Successfully retrieved weather data for city: Campinas
2024-07-18 08:16:04,766 - Controller.api - INFO - Fetching weather data for city: Campinas
2024-07-18 08:16:05,792 - Controller.api - INFO - Successfully retrieved weather data for city: Campinas
2024-07-18 08:16:05,792 - __main__ - INFO - Successfully retrieved weather data for city: Campinas
2024-07-18 08:16:17,193 - __main__ - INFO - Successfully retrieved weather data for city: Piracicaba
2024-07-18 08:16:17,193 - Controller.api - INFO - Fetching weather data for city: Piracicaba
2024-07-18 08:16:23,740 - Controller.api - INFO - Successfully retrieved weather data for city: Piracicaba
2024-07-18 08:16:23,740 - __main__ - INFO - Successfully retrieved weather data for city: Piracicaba
2024-07-18 08:21:24,076 - __main__ - INFO - Stopping API
2024-07-18 17:56:05,198 - __main__ - INFO - Starting API
2024-07-18 17:56:15,332 - __main__ - INFO - Successfully retrieved weather data for city: Piracicaba
2024-07-18 17:56:15,332 - Controller.api - INFO - Fetching weather data for city: Piracicaba
2024-07-18 17:56:17,040 - Controller.api - INFO - Successfully retrieved weather data for city: Piracicaba
2024-07-18 17:56:17,040 - Controller.api - INFO - message: {'city': 'Piracicaba', 'description': 'clear sky', 'temperature': 294.86, 'temperature max': 294.86, 'temperature min': 294.86, 'feels_like': 294.08, 'country': 'BR'}
2024-07-18 17:56:17,040 - __main__ - INFO - Successfully retrieved weather data for city: Piracicaba
2024-07-18 18:01:18,664 - __main__ - INFO - Stopping API
